C51 COMPILER V8.18   DELAY                                                                 12/22/2016 20:21:37 PAGE 1   


C51 COMPILER V8.18, COMPILATION OF MODULE DELAY
OBJECT MODULE PLACED IN delay.OBJ
COMPILER INVOKED BY: C:\Keil\C51\BIN\C51.EXE delay.c BROWSE DEBUG OBJECTEXTEND

line level    source

   1          /*----------------------------------------------------------------------------------
   2                        
   3          Filename: delay.c
   4          Controller:89c51(8051 family)
   5          Oscillator: 11.0592 MHz
   6          Author: engrckbk
   7          website: www.techcottageinc.com
   8           ----------------------------------------------------------------------------------*/
   9          #include <reg51.h>
  10          #include <delay.h>
  11          
  12          
  13          
  14          void delay_us(unsigned int us_count)
  15           {       do
  16   1            {
  17   2                       us_count--;
  18   2                 }while(us_count);
  19   1         }
  20          
  21          
  22          
  23          /*-----------------------------------------------------------------------------------*/
  24          void delay_ms(unsigned int ms_count)
  25           {
  26   1              while(ms_count!=0)
  27   1                       {
  28   2                      delay_us(112);   
  29   2                               ms_count--;
  30   2                              }
  31   1      
  32   1         }
  33          
  34          
  35          /* -----------------------------------------------------------------------------------*/
  36          void delay_sec(unsigned char sec_count)
  37           {
  38   1      
  39   1      
  40   1               while(sec_count!=0)
  41   1                {
  42   2                   delay_ms(1000);    
  43   2                       sec_count--;
  44   2                      }
  45   1       }
  46          /* -----------------------------------------------------------------------------------*/
  47          void delay_min(unsigned char min_count)
  48           {
  49   1      
  50   1      
  51   1               while(min_count!=0)
  52   1                {
  53   2                   delay_sec(60);     
  54   2                       min_count--;
  55   2                      }
C51 COMPILER V8.18   DELAY                                                                 12/22/2016 20:21:37 PAGE 2   

  56   1        }


MODULE INFORMATION:   STATIC OVERLAYABLE
   CODE SIZE        =     63    ----
   CONSTANT SIZE    =   ----    ----
   XDATA SIZE       =   ----    ----
   PDATA SIZE       =   ----    ----
   DATA SIZE        =   ----    ----
   IDATA SIZE       =   ----    ----
   BIT SIZE         =   ----    ----
END OF MODULE INFORMATION.


C51 COMPILATION COMPLETE.  0 WARNING(S),  0 ERROR(S)
